#
# A fatal error has been detected by the Java Runtime Environment:
#
#  SIGBUS (0xa) at pc=0x0000000133cb9adb, pid=45264, tid=73739
#
# JRE version: OpenJDK Runtime Environment (11.0.2+9) (build 11.0.2+9)
# Java VM: OpenJDK 64-Bit Server VM (11.0.2+9, mixed mode, tiered, compressed oops, g1 gc, bsd-amd64)
# Problematic frame:
# C  [libawt_lwawt.dylib+0x1badb]  OGLSD_SetScratchSurface+0x1f
#
# No core dump will be written. Core dumps have been disabled. To enable core dumping, try "ulimit -c unlimited" before starting Java again
#
# If you would like to submit a bug report, please visit:
#   http://bugreport.java.com/bugreport/crash.jsp
# The crash happened outside the Java Virtual Machine in native code.
# See problematic frame for where to report the bug.
#

---------------  S U M M A R Y ------------

Command Line: -Dfile.encoding=UTF-8 Bounce

Host: MacBookPro17,1 x86_64 2400 MHz, 8 cores, 8G, Darwin 20.6.0
Time: Sat Dec 11 17:39:47 2021 EST elapsed time: 8189 seconds (0d 2h 16m 29s)

---------------  T H R E A D  ---------------

Current thread (0x00007f9ea2808800):  JavaThread "Java2D Queue Flusher" daemon [_thread_in_native, id=73739, stack(0x000000030ec1e000,0x000000030ed1e000)]

Stack: [0x000000030ec1e000,0x000000030ed1e000],  sp=0x000000030ed1d840,  free space=1022k
Native frames: (J=compiled Java code, A=aot compiled Java code, j=interpreted, Vv=VM code, C=native code)
C  [libawt_lwawt.dylib+0x1badb]  OGLSD_SetScratchSurface+0x1f
C  [libawt_lwawt.dylib+0x3ffae]  Java_sun_java2d_opengl_OGLRenderQueue_flushBuffer+0x94a
j  sun.java2d.opengl.OGLRenderQueue.flushBuffer(JI)V+0 java.desktop@11.0.2
j  sun.java2d.opengl.OGLRenderQueue.flushBuffer()V+21 java.desktop@11.0.2
J 1158% c1 sun.java2d.opengl.OGLRenderQueue$QueueFlusher.run()V java.desktop@11.0.2 (234 bytes) @ 0x000000011bb384ac [0x000000011bb37e20+0x000000000000068c]
j  java.lang.Thread.run()V+11 java.base@11.0.2
v  ~StubRoutines::call_stub
V  [libjvm.dylib+0x39b736]  JavaCalls::call_helper(JavaValue*, methodHandle const&, JavaCallArguments*, Thread*)+0x21a
V  [libjvm.dylib+0x39ab80]  JavaCalls::call_virtual(JavaValue*, Klass*, Symbol*, Symbol*, JavaCallArguments*, Thread*)+0xee
V  [libjvm.dylib+0x39ac3c]  JavaCalls::call_virtual(JavaValue*, Handle, Klass*, Symbol*, Symbol*, Thread*)+0x62
V  [libjvm.dylib+0x41e818]  thread_entry(JavaThread*, Thread*)+0x78
V  [libjvm.dylib+0x6ed196]  JavaThread::thread_main_inner()+0x82
V  [libjvm.dylib+0x6ecfe1]  JavaThread::run()+0x1ab
V  [libjvm.dylib+0x5f00f3]  thread_native_entry(Thread*)+0x135
C  [libsystem_pthread.dylib+0x68fc]  _pthread_start+0xe0
C  [libsystem_pthread.dylib+0x2443]  thread_start+0xf

Java frames: (J=compiled Java code, j=interpreted, Vv=VM code)
j  sun.java2d.opengl.OGLRenderQueue.flushBuffer(JI)V+0 java.desktop@11.0.2
j  sun.java2d.opengl.OGLRenderQueue.flushBuffer()V+21 java.desktop@11.0.2
J 1158% c1 sun.java2d.opengl.OGLRenderQueue$QueueFlusher.run()V java.desktop@11.0.2 (234 bytes) @ 0x000000011bb384ac [0x000000011bb37e20+0x000000000000068c]
j  java.lang.Thread.run()V+11 java.base@11.0.2
v  ~StubRoutines::call_stub

siginfo: si_signo: 10 (SIGBUS), si_code: 2 (BUS_ADRERR), si_addr: 0x0000002021000002

Register to memory mapping:

RAX=0x0000000133cde4e0: OGLRenderQueue_CheckPreviousOp+0xf4 in /Library/Java/JavaVirtualMachines/jdk-11.0.2.jdk/Contents/Home/lib/libawt_lwawt.dylib at 0x0000000133c9e000
RBX=0x00007f9ea150f900 points into unknown readable memory: a8 d6 3b 31 01 00 00 00
RCX=0x0000000133cde4fc: OGLRenderQueue_CheckPreviousOp+0x110 in /Library/Java/JavaVirtualMachines/jdk-11.0.2.jdk/Contents/Home/lib/libawt_lwawt.dylib at 0x0000000133c9e000
RDX=0x0 is NULL
RSP=0x000000030ed1d840 is pointing into the stack for thread: 0x00007f9ea2808800
RBP=0x000000030ed1d870 is pointing into the stack for thread: 0x00007f9ea2808800
RSI=0x00007f9ea150f900 points into unknown readable memory: a8 d6 3b 31 01 00 00 00
RDI=0x00007f9ea2808b40 points into unknown readable memory: e0 30 90 11 01 00 00 00
R8 =0x00007f9ea4b9f700 points into unknown readable memory: 00 00 00 00 00 00 00 00
R9 =0x000000000000b9c4 is an unknown value
R10=0x00000001383ab758: <offset 0x763758> in /System/Library/Extensions/AGXMetal13_3.bundle/Contents/MacOS/AGXMetal13_3 at 0x0000000137c48000
R11=0x00007fff3878dbdc: -[IOGPUMetalDevice recommendedMaxWorkingSetSize]+0 in /System/Library/PrivateFrameworks/IOGPU.framework/Versions/A/IOGPU at 0x00007fff38786000
R12=0x00007f9ed31c5c50 points into unknown readable memory: 5a 00 00 00 49 00 00 00
R13=0x0000002021000002 is an unknown value
R14=0x0000000133cde21c: Java_sun_java2d_opengl_OGLRenderQueue_flushBuffer+0xbb8 in /Library/Java/JavaVirtualMachines/jdk-11.0.2.jdk/Contents/Home/lib/libawt_lwawt.dylib at 0x0000000133c9e000
R15=0x00007f9ea2808b40 points into unknown readable memory: e0 30 90 11 01 00 00 00


Registers:
RAX=0x0000000133cde4e0, RBX=0x00007f9ea150f900, RCX=0x0000000133cde4fc, RDX=0x0000000000000000
RSP=0x000000030ed1d840, RBP=0x000000030ed1d870, RSI=0x00007f9ea150f900, RDI=0x00007f9ea2808b40
R8 =0x00007f9ea4b9f700, R9 =0x000000000000b9c4, R10=0x00000001383ab758, R11=0x00007fff3878dbdc
R12=0x00007f9ed31c5c50, R13=0x0000002021000002, R14=0x0000000133cde21c, R15=0x00007f9ea2808b40
RIP=0x0000000133cb9adb, EFLAGS=0x0000000000000203, ERR=0x0000000000000004
  TRAPNO=0x000000000000000e

Top of Stack: (sp=0x000000030ed1d840)
0x000000030ed1d840:   0000000133cde4e0 00007f9ea150f900
0x000000030ed1d850:   00007f9ed31c5c50 00007f9ed31c5c60
0x000000030ed1d860:   0000000133cde21c 00007f9ea2808b40
0x000000030ed1d870:   000000030ed1d8d0 0000000133cddfae
0x000000030ed1d880:   00007f9ea2808800 0000000000000004
0x000000030ed1d890:   000000030ed1d8b0 0000000011707fb1
0x000000030ed1d8a0:   00007f9ea2808b40 000000013182abb0
0x000000030ed1d8b0:   0000000000000000 000000013182abb0
0x000000030ed1d8c0:   000000030ed1d980 00007f9ea2808800
0x000000030ed1d8d0:   000000030ed1d948 000000011b3a56fb
0x000000030ed1d8e0:   0000000111958901 00007f9ea2808800
0x000000030ed1d8f0:   000000030ed1d910 000000011170820e
0x000000030ed1d900:   000000030ed1d900 0000000000000000
0x000000030ed1d910:   000000030ed1d980 000000013182bde0
0x000000030ed1d920:   0000000000000000 0000000784277670
0x000000030ed1d930:   000000013182abb0 0000000000000000
0x000000030ed1d940:   000000030ed1d968 000000030ed1d9d0
0x000000030ed1d950:   000000011b39fca7 0000000000000000
0x000000030ed1d960:   000000011b3a27d8 0000000000000060
0x000000030ed1d970:   00007f9ed31c5c00 0000000000000000
0x000000030ed1d980:   0000000784219a68 000000030ed1d988
0x000000030ed1d990:   000000013182ac65 000000030ed1d9e8
0x000000030ed1d9a0:   000000013182bde0 0000000174400968
0x000000030ed1d9b0:   0000000784277670 000000013182aca0
0x000000030ed1d9c0:   000000030ed1d968 000000030ed1d9f0
0x000000030ed1d9d0:   000000030ed1db48 000000011bb384ac
0x000000030ed1d9e0:   0000000000000060 0000000784219a68
0x000000030ed1d9f0:   0000000787f00828 000000013182f288
0x000000030ed1da00:   000000030ed1da60 000000011166a338
0x000000030ed1da10:   000000030ed1da78 000000011b3af8c7
0x000000030ed1da20:   000000011b39e490 0000000100000000
0x000000030ed1da30:   000000030ed1dad0 000000030ed1da78 

Instructions: (pc=0x0000000133cb9adb)
0x0000000133cb9abb:   c3 55 48 89 e5 41 57 41 56 41 55 41 54 53 50 49
0x0000000133cb9acb:   89 ff 48 85 f6 74 57 4c 8b 6e 10 4d 85 ed 74 57
0x0000000133cb9adb:   49 8b 5d 00 31 c0 e8 2e da 02 00 49 89 c6 48 8b
0x0000000133cb9aeb:   3b 48 8b 35 bd 54 05 00 ff 15 2f 8a 04 00 48 85 

Stack slot to memory mapping:
stack at sp + 0 slots: 0x0000000133cde4e0: OGLRenderQueue_CheckPreviousOp+0xf4 in /Library/Java/JavaVirtualMachines/jdk-11.0.2.jdk/Contents/Home/lib/libawt_lwawt.dylib at 0x0000000133c9e000
stack at sp + 1 slots: 0x00007f9ea150f900 points into unknown readable memory: a8 d6 3b 31 01 00 00 00
stack at sp + 2 slots: 0x00007f9ed31c5c50 points into unknown readable memory: 5a 00 00 00 49 00 00 00
stack at sp + 3 slots: 0x00007f9ed31c5c60 points into unknown readable memory: 70 71 58 d1 9e 7f 00 00
stack at sp + 4 slots: 0x0000000133cde21c: Java_sun_java2d_opengl_OGLRenderQueue_flushBuffer+0xbb8 in /Library/Java/JavaVirtualMachines/jdk-11.0.2.jdk/Contents/Home/lib/libawt_lwawt.dylib at 0x0000000133c9e000
stack at sp + 5 slots: 0x00007f9ea2808b40 points into unknown readable memory: e0 30 90 11 01 00 00 00
stack at sp + 6 slots: 0x000000030ed1d8d0 is pointing into the stack for thread: 0x00007f9ea2808800
stack at sp + 7 slots: 0x0000000133cddfae: Java_sun_java2d_opengl_OGLRenderQueue_flushBuffer+0x94a in /Library/Java/JavaVirtualMachines/jdk-11.0.2.jdk/Contents/Home/lib/libawt_lwawt.dylib at 0x0000000133c9e000


---------------  P R O C E S S  ---------------

Threads class SMR info:
_java_thread_list=0x00007f9ed1778ab0, length=15, elements={
0x00007f9ed2814000, 0x00007f9ed2823000, 0x00007f9ed200e000, 0x00007f9ed30bc800,
0x00007f9ed200f000, 0x00007f9ed2013000, 0x00007f9ed282a800, 0x00007f9ed3115800,
0x00007f9ed2aa7800, 0x00007f9ed189d000, 0x00007f9ea2808800, 0x00007f9ed3237000,
0x00007f9ed2145800, 0x00007f9ed212d800, 0x00007f9ed280e000
}

Java Threads: ( => current thread )
  0x00007f9ed2814000 JavaThread "Reference Handler" daemon [_thread_blocked, id=14339, stack(0x000000030ddc7000,0x000000030dec7000)]
  0x00007f9ed2823000 JavaThread "Finalizer" daemon [_thread_blocked, id=16643, stack(0x000000030deca000,0x000000030dfca000)]
  0x00007f9ed200e000 JavaThread "Signal Dispatcher" daemon [_thread_blocked, id=22787, stack(0x000000030e0db000,0x000000030e1db000)]
  0x00007f9ed30bc800 JavaThread "C2 CompilerThread0" daemon [_thread_blocked, id=42755, stack(0x000000030e1de000,0x000000030e2de000)]
  0x00007f9ed200f000 JavaThread "C1 CompilerThread0" daemon [_thread_blocked, id=23555, stack(0x000000030e2e1000,0x000000030e3e1000)]
  0x00007f9ed2013000 JavaThread "Sweeper thread" daemon [_thread_blocked, id=24067, stack(0x000000030e3e4000,0x000000030e4e4000)]
  0x00007f9ed282a800 JavaThread "Service Thread" daemon [_thread_blocked, id=40963, stack(0x000000030e4e7000,0x000000030e5e7000)]
  0x00007f9ed3115800 JavaThread "Common-Cleaner" daemon [_thread_blocked, id=25859, stack(0x000000030e6ed000,0x000000030e7ed000)]
  0x00007f9ed2aa7800 JavaThread "AppKit Thread" daemon [_thread_blocked, id=259, stack(0x000000030ce2f000,0x000000030d62f000)]
  0x00007f9ed189d000 JavaThread "AWT-Shutdown" [_thread_blocked, id=44035, stack(0x000000030e7f0000,0x000000030e8f0000)]
=>0x00007f9ea2808800 JavaThread "Java2D Queue Flusher" daemon [_thread_in_native, id=73739, stack(0x000000030ec1e000,0x000000030ed1e000)]
  0x00007f9ed3237000 JavaThread "Java2D Disposer" daemon [_thread_blocked, id=69635, stack(0x000000030ed21000,0x000000030ee21000)]
  0x00007f9ed2145800 JavaThread "TimerQueue" daemon [_thread_blocked, id=61959, stack(0x000000030ef27000,0x000000030f027000)]
  0x00007f9ed212d800 JavaThread "AWT-EventQueue-0" [_thread_blocked, id=173587, stack(0x000000030f02a000,0x000000030f12a000)]
  0x00007f9ed280e000 JavaThread "DestroyJavaVM" [_thread_blocked, id=8451, stack(0x000000030d6b2000,0x000000030d7b2000)]

Other Threads:
  0x00007f9ed2010800 VMThread "VM Thread" [stack: 0x000000030dcc4000,0x000000030ddc4000] [id=18179]
  0x00007f9ed1865800 WatcherThread [stack: 0x000000030e5ea000,0x000000030e6ea000] [id=40487]
  0x00007f9ed3011800 GCTaskThread "GC Thread#0" [stack: 0x000000030d7b5000,0x000000030d8b5000] [id=12803]
  0x00007f9ed1908000 GCTaskThread "GC Thread#1" [stack: 0x000000030ee24000,0x000000030ef24000] [id=96099]
  0x00007f9ed2028000 GCTaskThread "GC Thread#2" [stack: 0x000000030f12d000,0x000000030f22d000] [id=96263]
  0x00007f9ea180d000 GCTaskThread "GC Thread#3" [stack: 0x000000030f230000,0x000000030f330000] [id=168579]
  0x00007f9ed18d9000 GCTaskThread "GC Thread#4" [stack: 0x000000030f333000,0x000000030f433000] [id=90151]
  0x00007f9ea50b8800 GCTaskThread "GC Thread#5" [stack: 0x000000030f436000,0x000000030f536000] [id=94239]
  0x00007f9ed3032800 ConcurrentGCThread "G1 Main Marker" [stack: 0x000000030d8b8000,0x000000030d9b8000] [id=13059]
  0x00007f9ed280f800 ConcurrentGCThread "G1 Conc#0" [stack: 0x000000030d9bb000,0x000000030dabb000] [id=13571]
  0x00007f9ed282b800 ConcurrentGCThread "G1 Conc#1" [stack: 0x000000030f539000,0x000000030f639000] [id=68651]
  0x00007f9ed3093800 ConcurrentGCThread "G1 Refine#0" [stack: 0x000000030dabe000,0x000000030dbbe000] [id=18947]
  0x00007f9ed2024000 ConcurrentGCThread "G1 Refine#1" [stack: 0x000000030f63c000,0x000000030f73c000] [id=88863]
  0x00007f9ed2810000 ConcurrentGCThread "G1 Young RemSet Sampling" [stack: 0x000000030dbc1000,0x000000030dcc1000] [id=18691]

Threads with active compile tasks:

VM state:not at safepoint (normal execution)

VM Mutex/Monitor currently owned by a thread: None

Heap address: 0x0000000780000000, size: 2048 MB, Compressed Oops mode: Zero based, Oop shift amount: 3
Narrow klass base: 0x0000000800000000, Narrow klass shift: 0
Compressed class space size: 1073741824 Address: 0x0000000800000000

Heap:
 garbage-first heap   total 131072K, used 9126K [0x0000000780000000, 0x0000000800000000)
  region size 1024K, 2 young (2048K), 1 survivors (1024K)
 Metaspace       used 13614K, capacity 13899K, committed 14464K, reserved 1062912K
  class space    used 1382K, capacity 1509K, committed 1664K, reserved 1048576K
Heap Regions: E=young(eden), S=young(survivor), O=old, HS=humongous(starts), HC=humongous(continues), CS=collection set, F=free, A=archive, TAMS=top-at-mark-start (previous, next)
|   0|0x0000000780000000, 0x0000000780000000, 0x0000000780100000|  0%| F|  |TAMS 0x0000000780000000, 0x0000000780000000| Untracked 
|   1|0x0000000780100000, 0x0000000780100000, 0x0000000780200000|  0%| F|  |TAMS 0x0000000780100000, 0x0000000780100000| Untracked 
|   2|0x0000000780200000, 0x0000000780200000, 0x0000000780300000|  0%| F|  |TAMS 0x0000000780200000, 0x0000000780200000| Untracked 
|   3|0x0000000780300000, 0x0000000780300000, 0x0000000780400000|  0%| F|  |TAMS 0x0000000780300000, 0x0000000780300000| Untracked 
|   4|0x0000000780400000, 0x0000000780400000, 0x0000000780500000|  0%| F|  |TAMS 0x0000000780400000, 0x0000000780400000| Untracked 
|   5|0x0000000780500000, 0x0000000780500000, 0x0000000780600000|  0%| F|  |TAMS 0x0000000780500000, 0x0000000780500000| Untracked 
|   6|0x0000000780600000, 0x0000000780600000, 0x0000000780700000|  0%| F|  |TAMS 0x0000000780600000, 0x0000000780600000| Untracked 
|   7|0x0000000780700000, 0x0000000780700000, 0x0000000780800000|  0%| F|  |TAMS 0x0000000780700000, 0x0000000780700000| Untracked 
|   8|0x0000000780800000, 0x0000000780800000, 0x0000000780900000|  0%| F|  |TAMS 0x0000000780800000, 0x0000000780800000| Untracked 
|   9|0x0000000780900000, 0x0000000780900000, 0x0000000780a00000|  0%| F|  |TAMS 0x0000000780900000, 0x0000000780900000| Untracked 
|  10|0x0000000780a00000, 0x0000000780a00000, 0x0000000780b00000|  0%| F|  |TAMS 0x0000000780a00000, 0x0000000780a00000| Untracked 
|  11|0x0000000780b00000, 0x0000000780b00000, 0x0000000780c00000|  0%| F|  |TAMS 0x0000000780b00000, 0x0000000780b00000| Untracked 
|  12|0x0000000780c00000, 0x0000000780c00000, 0x0000000780d00000|  0%| F|  |TAMS 0x0000000780c00000, 0x0000000780c00000| Untracked 
|  13|0x0000000780d00000, 0x0000000780d00000, 0x0000000780e00000|  0%| F|  |TAMS 0x0000000780d00000, 0x0000000780d00000| Untracked 
|  14|0x0000000780e00000, 0x0000000780e00000, 0x0000000780f00000|  0%| F|  |TAMS 0x0000000780e00000, 0x0000000780e00000| Untracked 
|  15|0x0000000780f00000, 0x0000000780f00000, 0x0000000781000000|  0%| F|  |TAMS 0x0000000780f00000, 0x0000000780f00000| Untracked 
|  16|0x0000000781000000, 0x0000000781000000, 0x0000000781100000|  0%| F|  |TAMS 0x0000000781000000, 0x0000000781000000| Untracked 
|  17|0x0000000781100000, 0x0000000781100000, 0x0000000781200000|  0%| F|  |TAMS 0x0000000781100000, 0x0000000781100000| Untracked 
|  18|0x0000000781200000, 0x0000000781200000, 0x0000000781300000|  0%| F|  |TAMS 0x0000000781200000, 0x0000000781200000| Untracked 
|  19|0x0000000781300000, 0x0000000781300000, 0x0000000781400000|  0%| F|  |TAMS 0x0000000781300000, 0x0000000781300000| Untracked 
|  20|0x0000000781400000, 0x0000000781400000, 0x0000000781500000|  0%| F|  |TAMS 0x0000000781400000, 0x0000000781400000| Untracked 
|  21|0x0000000781500000, 0x0000000781500000, 0x0000000781600000|  0%| F|  |TAMS 0x0000000781500000, 0x0000000781500000| Untracked 
|  22|0x0000000781600000, 0x0000000781600000, 0x0000000781700000|  0%| F|  |TAMS 0x0000000781600000, 0x0000000781600000| Untracked 
|  23|0x0000000781700000, 0x0000000781700000, 0x0000000781800000|  0%| F|  |TAMS 0x0000000781700000, 0x0000000781700000| Untracked 
|  24|0x0000000781800000, 0x0000000781800000, 0x0000000781900000|  0%| F|  |TAMS 0x0000000781800000, 0x0000000781800000| Untracked 
|  25|0x0000000781900000, 0x0000000781900000, 0x0000000781a00000|  0%| F|  |TAMS 0x0000000781900000, 0x0000000781900000| Untracked 
|  26|0x0000000781a00000, 0x0000000781a00000, 0x0000000781b00000|  0%| F|  |TAMS 0x0000000781a00000, 0x0000000781a00000| Untracked 
|  27|0x0000000781b00000, 0x0000000781b00000, 0x0000000781c00000|  0%| F|  |TAMS 0x0000000781b00000, 0x0000000781b00000| Untracked 
|  28|0x0000000781c00000, 0x0000000781c00000, 0x0000000781d00000|  0%| F|  |TAMS 0x0000000781c00000, 0x0000000781c00000| Untracked 
|  29|0x0000000781d00000, 0x0000000781d00000, 0x0000000781e00000|  0%| F|  |TAMS 0x0000000781d00000, 0x0000000781d00000| Untracked 
|  30|0x0000000781e00000, 0x0000000781e00000, 0x0000000781f00000|  0%| F|  |TAMS 0x0000000781e00000, 0x0000000781e00000| Untracked 
|  31|0x0000000781f00000, 0x0000000781f00000, 0x0000000782000000|  0%| F|  |TAMS 0x0000000781f00000, 0x0000000781f00000| Untracked 
|  32|0x0000000782000000, 0x0000000782100000, 0x0000000782100000|100%| O|  |TAMS 0x0000000782100000, 0x0000000782000000| Untracked 
|  33|0x0000000782100000, 0x0000000782200000, 0x0000000782200000|100%| O|  |TAMS 0x0000000782200000, 0x0000000782100000| Untracked 
|  34|0x0000000782200000, 0x0000000782200000, 0x0000000782300000|  0%| F|  |TAMS 0x0000000782200000, 0x0000000782200000| Untracked 
|  35|0x0000000782300000, 0x0000000782300000, 0x0000000782400000|  0%| F|  |TAMS 0x0000000782300000, 0x0000000782300000| Untracked 
|  36|0x0000000782400000, 0x0000000782400000, 0x0000000782500000|  0%| F|  |TAMS 0x0000000782400000, 0x0000000782400000| Untracked 
|  37|0x0000000782500000, 0x0000000782500000, 0x0000000782600000|  0%| F|  |TAMS 0x0000000782500000, 0x0000000782500000| Untracked 
|  38|0x0000000782600000, 0x0000000782600000, 0x0000000782700000|  0%| F|  |TAMS 0x0000000782600000, 0x0000000782600000| Untracked 
|  39|0x0000000782700000, 0x0000000782700000, 0x0000000782800000|  0%| F|  |TAMS 0x0000000782700000, 0x0000000782700000| Untracked 
|  40|0x0000000782800000, 0x0000000782800000, 0x0000000782900000|  0%| F|  |TAMS 0x0000000782800000, 0x0000000782800000| Untracked 
|  41|0x0000000782900000, 0x0000000782900000, 0x0000000782a00000|  0%| F|  |TAMS 0x0000000782900000, 0x0000000782900000| Untracked 
|  42|0x0000000782a00000, 0x0000000782a00000, 0x0000000782b00000|  0%| F|  |TAMS 0x0000000782a00000, 0x0000000782a00000| Untracked 
|  43|0x0000000782b00000, 0x0000000782b00000, 0x0000000782c00000|  0%| F|  |TAMS 0x0000000782b00000, 0x0000000782b00000| Untracked 
|  44|0x0000000782c00000, 0x0000000782c00000, 0x0000000782d00000|  0%| F|  |TAMS 0x0000000782c00000, 0x0000000782c00000| Untracked 
|  45|0x0000000782d00000, 0x0000000782d00000, 0x0000000782e00000|  0%| F|  |TAMS 0x0000000782d00000, 0x0000000782d00000| Untracked 
|  46|0x0000000782e00000, 0x0000000782e00000, 0x0000000782f00000|  0%| F|  |TAMS 0x0000000782e00000, 0x0000000782e00000| Untracked 
|  47|0x0000000782f00000, 0x0000000782f00000, 0x0000000783000000|  0%| F|  |TAMS 0x0000000782f00000, 0x0000000782f00000| Untracked 
|  48|0x0000000783000000, 0x0000000783000000, 0x0000000783100000|  0%| F|  |TAMS 0x0000000783000000, 0x0000000783000000| Untracked 
|  49|0x0000000783100000, 0x0000000783100000, 0x0000000783200000|  0%| F|  |TAMS 0x0000000783100000, 0x0000000783100000| Untracked 
|  50|0x0000000783200000, 0x0000000783200000, 0x0000000783300000|  0%| F|  |TAMS 0x0000000783200000, 0x0000000783200000| Untracked 
|  51|0x0000000783300000, 0x0000000783300000, 0x0000000783400000|  0%| F|  |TAMS 0x0000000783300000, 0x0000000783300000| Untracked 
|  52|0x0000000783400000, 0x0000000783400000, 0x0000000783500000|  0%| F|  |TAMS 0x0000000783400000, 0x0000000783400000| Untracked 
|  53|0x0000000783500000, 0x0000000783500000, 0x0000000783600000|  0%| F|  |TAMS 0x0000000783500000, 0x0000000783500000| Untracked 
|  54|0x0000000783600000, 0x0000000783600000, 0x0000000783700000|  0%| F|  |TAMS 0x0000000783600000, 0x0000000783600000| Untracked 
|  55|0x0000000783700000, 0x0000000783700000, 0x0000000783800000|  0%| F|  |TAMS 0x0000000783700000, 0x0000000783700000| Untracked 
|  56|0x0000000783800000, 0x0000000783800000, 0x0000000783900000|  0%| F|  |TAMS 0x0000000783800000, 0x0000000783800000| Untracked 
|  57|0x0000000783900000, 0x0000000783900000, 0x0000000783a00000|  0%| F|  |TAMS 0x0000000783900000, 0x0000000783900000| Untracked 
|  58|0x0000000783a00000, 0x0000000783a00000, 0x0000000783b00000|  0%| F|  |TAMS 0x0000000783a00000, 0x0000000783a00000| Untracked 
|  59|0x0000000783b00000, 0x0000000783b00000, 0x0000000783c00000|  0%| F|  |TAMS 0x0000000783b00000, 0x0000000783b00000| Untracked 
|  60|0x0000000783c00000, 0x0000000783c00000, 0x0000000783d00000|  0%| F|  |TAMS 0x0000000783c00000, 0x0000000783c00000| Untracked 
|  61|0x0000000783d00000, 0x0000000783d00000, 0x0000000783e00000|  0%| F|  |TAMS 0x0000000783d00000, 0x0000000783d00000| Untracked 
|  62|0x0000000783e00000, 0x0000000783e00000, 0x0000000783f00000|  0%| F|  |TAMS 0x0000000783e00000, 0x0000000783e00000| Untracked 
|  63|0x0000000783f00000, 0x0000000783f00000, 0x0000000784000000|  0%| F|  |TAMS 0x0000000783f00000, 0x0000000783f00000| Untracked 
|  64|0x0000000784000000, 0x0000000784000000, 0x0000000784100000|  0%| F|  |TAMS 0x0000000784000000, 0x0000000784000000| Untracked 
|  65|0x0000000784100000, 0x0000000784100000, 0x0000000784200000|  0%| F|  |TAMS 0x0000000784100000, 0x0000000784100000| Untracked 
|  66|0x0000000784200000, 0x0000000784300000, 0x0000000784300000|100%| O|  |TAMS 0x0000000784300000, 0x0000000784200000| Untracked 
|  67|0x0000000784300000, 0x0000000784300000, 0x0000000784400000|  0%| F|  |TAMS 0x0000000784300000, 0x0000000784300000| Untracked 
|  68|0x0000000784400000, 0x0000000784479c00, 0x0000000784500000| 47%| O|  |TAMS 0x0000000784479c00, 0x0000000784400000| Untracked 
|  69|0x0000000784500000, 0x0000000784600000, 0x0000000784600000|100%|HS|  |TAMS 0x0000000784500000, 0x0000000784500000| Complete 
|  70|0x0000000784600000, 0x0000000784700000, 0x0000000784700000|100%|HC|  |TAMS 0x0000000784600000, 0x0000000784600000| Complete 
|  71|0x0000000784700000, 0x0000000784800000, 0x0000000784800000|100%|HC|  |TAMS 0x0000000784700000, 0x0000000784700000| Complete 
|  72|0x0000000784800000, 0x0000000784900000, 0x0000000784900000|100%|HC|  |TAMS 0x0000000784800000, 0x0000000784800000| Complete 
|  73|0x0000000784900000, 0x0000000784a00000, 0x0000000784a00000|100%|HC|  |TAMS 0x0000000784900000, 0x0000000784900000| Complete 
|  74|0x0000000784a00000, 0x0000000784a00000, 0x0000000784b00000|  0%| F|  |TAMS 0x0000000784a00000, 0x0000000784a00000| Untracked 
|  75|0x0000000784b00000, 0x0000000784b00000, 0x0000000784c00000|  0%| F|  |TAMS 0x0000000784b00000, 0x0000000784b00000| Untracked 
|  76|0x0000000784c00000, 0x0000000784c00000, 0x0000000784d00000|  0%| F|  |TAMS 0x0000000784c00000, 0x0000000784c00000| Untracked 
|  77|0x0000000784d00000, 0x0000000784d00000, 0x0000000784e00000|  0%| F|  |TAMS 0x0000000784d00000, 0x0000000784d00000| Untracked 
|  78|0x0000000784e00000, 0x0000000784e00000, 0x0000000784f00000|  0%| F|  |TAMS 0x0000000784e00000, 0x0000000784e00000| Untracked 
|  79|0x0000000784f00000, 0x0000000784f00000, 0x0000000785000000|  0%| F|  |TAMS 0x0000000784f00000, 0x0000000784f00000| Untracked 
|  80|0x0000000785000000, 0x0000000785000000, 0x0000000785100000|  0%| F|  |TAMS 0x0000000785000000, 0x0000000785000000| Untracked 
|  81|0x0000000785100000, 0x0000000785100000, 0x0000000785200000|  0%| F|  |TAMS 0x0000000785100000, 0x0000000785100000| Untracked 
|  82|0x0000000785200000, 0x0000000785200000, 0x0000000785300000|  0%| F|  |TAMS 0x0000000785200000, 0x0000000785200000| Untracked 
|  83|0x0000000785300000, 0x0000000785300000, 0x0000000785400000|  0%| F|  |TAMS 0x0000000785300000, 0x0000000785300000| Untracked 
|  84|0x0000000785400000, 0x0000000785400000, 0x0000000785500000|  0%| F|  |TAMS 0x0000000785400000, 0x0000000785400000| Untracked 
|  85|0x0000000785500000, 0x0000000785500000, 0x0000000785600000|  0%| F|  |TAMS 0x0000000785500000, 0x0000000785500000| Untracked 
|  86|0x0000000785600000, 0x0000000785600000, 0x0000000785700000|  0%| F|  |TAMS 0x0000000785600000, 0x0000000785600000| Untracked 
|  87|0x0000000785700000, 0x0000000785700000, 0x0000000785800000|  0%| F|  |TAMS 0x0000000785700000, 0x0000000785700000| Untracked 
|  88|0x0000000785800000, 0x0000000785800000, 0x0000000785900000|  0%| F|  |TAMS 0x0000000785800000, 0x0000000785800000| Untracked 
|  89|0x0000000785900000, 0x0000000785900000, 0x0000000785a00000|  0%| F|  |TAMS 0x0000000785900000, 0x0000000785900000| Untracked 
|  90|0x0000000785a00000, 0x0000000785a00000, 0x0000000785b00000|  0%| F|  |TAMS 0x0000000785a00000, 0x0000000785a00000| Untracked 
|  91|0x0000000785b00000, 0x0000000785b00000, 0x0000000785c00000|  0%| F|  |TAMS 0x0000000785b00000, 0x0000000785b00000| Untracked 
|  92|0x0000000785c00000, 0x0000000785c00000, 0x0000000785d00000|  0%| F|  |TAMS 0x0000000785c00000, 0x0000000785c00000| Untracked 
|  93|0x0000000785d00000, 0x0000000785d00000, 0x0000000785e00000|  0%| F|  |TAMS 0x0000000785d00000, 0x0000000785d00000| Untracked 
|  94|0x0000000785e00000, 0x0000000785e00000, 0x0000000785f00000|  0%| F|  |TAMS 0x0000000785e00000, 0x0000000785e00000| Untracked 
|  95|0x0000000785f00000, 0x0000000785f00000, 0x0000000786000000|  0%| F|  |TAMS 0x0000000785f00000, 0x0000000785f00000| Untracked 
|  96|0x0000000786000000, 0x0000000786000000, 0x0000000786100000|  0%| F|  |TAMS 0x0000000786000000, 0x0000000786000000| Untracked 
|  97|0x0000000786100000, 0x0000000786100000, 0x0000000786200000|  0%| F|  |TAMS 0x0000000786100000, 0x0000000786100000| Untracked 
|  98|0x0000000786200000, 0x0000000786200000, 0x0000000786300000|  0%| F|  |TAMS 0x0000000786200000, 0x0000000786200000| Untracked 
|  99|0x0000000786300000, 0x0000000786300000, 0x0000000786400000|  0%| F|  |TAMS 0x0000000786300000, 0x0000000786300000| Untracked 
| 100|0x0000000786400000, 0x0000000786400000, 0x0000000786500000|  0%| F|  |TAMS 0x0000000786400000, 0x0000000786400000| Untracked 
| 101|0x0000000786500000, 0x0000000786500000, 0x0000000786600000|  0%| F|  |TAMS 0x0000000786500000, 0x0000000786500000| Untracked 
| 102|0x0000000786600000, 0x0000000786600000, 0x0000000786700000|  0%| F|  |TAMS 0x0000000786600000, 0x0000000786600000| Untracked 
| 103|0x0000000786700000, 0x0000000786700000, 0x0000000786800000|  0%| F|  |TAMS 0x0000000786700000, 0x0000000786700000| Untracked 
| 104|0x0000000786800000, 0x0000000786800000, 0x0000000786900000|  0%| F|  |TAMS 0x0000000786800000, 0x0000000786800000| Untracked 
| 105|0x0000000786900000, 0x0000000786900000, 0x0000000786a00000|  0%| F|  |TAMS 0x0000000786900000, 0x0000000786900000| Untracked 
| 106|0x0000000786a00000, 0x0000000786a00000, 0x0000000786b00000|  0%| F|  |TAMS 0x0000000786a00000, 0x0000000786a00000| Untracked 
| 107|0x0000000786b00000, 0x0000000786b00000, 0x0000000786c00000|  0%| F|  |TAMS 0x0000000786b00000, 0x0000000786b00000| Untracked 
| 108|0x0000000786c00000, 0x0000000786c00000, 0x0000000786d00000|  0%| F|  |TAMS 0x0000000786c00000, 0x0000000786c00000| Untracked 
| 109|0x0000000786d00000, 0x0000000786d00000, 0x0000000786e00000|  0%| F|  |TAMS 0x0000000786d00000, 0x0000000786d00000| Untracked 
| 110|0x0000000786e00000, 0x0000000786e00000, 0x0000000786f00000|  0%| F|  |TAMS 0x0000000786e00000, 0x0000000786e00000| Untracked 
| 111|0x0000000786f00000, 0x0000000786f00000, 0x0000000787000000|  0%| F|  |TAMS 0x0000000786f00000, 0x0000000786f00000| Untracked 
| 112|0x0000000787000000, 0x0000000787000000, 0x0000000787100000|  0%| F|  |TAMS 0x0000000787000000, 0x0000000787000000| Untracked 
| 113|0x0000000787100000, 0x0000000787100000, 0x0000000787200000|  0%| F|  |TAMS 0x0000000787100000, 0x0000000787100000| Untracked 
| 114|0x0000000787200000, 0x0000000787200000, 0x0000000787300000|  0%| F|  |TAMS 0x0000000787200000, 0x0000000787200000| Untracked 
| 115|0x0000000787300000, 0x0000000787300000, 0x0000000787400000|  0%| F|  |TAMS 0x0000000787300000, 0x0000000787300000| Untracked 
| 116|0x0000000787400000, 0x0000000787400000, 0x0000000787500000|  0%| F|  |TAMS 0x0000000787400000, 0x0000000787400000| Untracked 
| 117|0x0000000787500000, 0x0000000787500000, 0x0000000787600000|  0%| F|  |TAMS 0x0000000787500000, 0x0000000787500000| Untracked 
| 118|0x0000000787600000, 0x0000000787600000, 0x0000000787700000|  0%| F|  |TAMS 0x0000000787600000, 0x0000000787600000| Untracked 
| 119|0x0000000787700000, 0x0000000787700000, 0x0000000787800000|  0%| F|  |TAMS 0x0000000787700000, 0x0000000787700000| Untracked 
| 120|0x0000000787800000, 0x0000000787800000, 0x0000000787900000|  0%| F|  |TAMS 0x0000000787800000, 0x0000000787800000| Untracked 
| 121|0x0000000787900000, 0x0000000787900000, 0x0000000787a00000|  0%| F|  |TAMS 0x0000000787900000, 0x0000000787900000| Untracked 
| 122|0x0000000787a00000, 0x0000000787a00000, 0x0000000787b00000|  0%| F|  |TAMS 0x0000000787a00000, 0x0000000787a00000| Untracked 
| 123|0x0000000787b00000, 0x0000000787b00000, 0x0000000787c00000|  0%| F|  |TAMS 0x0000000787b00000, 0x0000000787b00000| Untracked 
| 124|0x0000000787c00000, 0x0000000787c00000, 0x0000000787d00000|  0%| F|  |TAMS 0x0000000787c00000, 0x0000000787c00000| Untracked 
| 125|0x0000000787d00000, 0x0000000787d6ffe0, 0x0000000787e00000| 43%| S|CS|TAMS 0x0000000787d00000, 0x0000000787d00000| Complete 
| 126|0x0000000787e00000, 0x0000000787e00000, 0x0000000787f00000|  0%| F|  |TAMS 0x0000000787e00000, 0x0000000787e00000| Untracked 
| 127|0x0000000787f00000, 0x0000000787fa7a38, 0x0000000788000000| 65%| E|  |TAMS 0x0000000787f00000, 0x0000000787f00000| Complete 

Card table byte_map: [0x000000012a96c000,0x000000012ad6c000] _byte_map_base: 0x0000000126d6c000

Marking Bits (Prev, Next): (CMBitMap*) 0x00007f9ed302a018, (CMBitMap*) 0x00007f9ed302a050
 Prev Bits: [0x000000012b16c000, 0x000000012d16c000)
 Next Bits: [0x000000012d16c000, 0x000000012f16c000)

Polling page: 0x00000001048bf000

Metaspace:

Usage:
  Non-class:     12.10 MB capacity,    11.95 MB ( 99%) used,   133.16 KB (  1%) free+waste,    24.56 KB ( <1%) overhead. 
      Class:      1.47 MB capacity,     1.35 MB ( 92%) used,   112.80 KB (  7%) free+waste,    13.88 KB ( <1%) overhead. 
       Both:     13.57 MB capacity,    13.30 MB ( 98%) used,   245.95 KB (  2%) free+waste,    38.44 KB ( <1%) overhead. 

Virtual space:
  Non-class space:       14.00 MB reserved,      12.50 MB ( 89%) committed 
      Class space:        1.00 GB reserved,       1.62 MB ( <1%) committed 
             Both:        1.01 GB reserved,      14.12 MB (  1%) committed 

Chunk freelists:
   Non-Class:  49.25 KB
       Class:  19.38 KB
        Both:  68.62 KB

CodeHeap 'non-profiled nmethods': size=120032Kb used=404Kb max_used=404Kb free=119627Kb
 bounds [0x0000000122e5e000, 0x00000001230ce000, 0x000000012a396000]
CodeHeap 'profiled nmethods': size=120028Kb used=2349Kb max_used=2349Kb free=117678Kb
 bounds [0x000000011b927000, 0x000000011bb97000, 0x0000000122e5e000]
CodeHeap 'non-nmethods': size=5700Kb used=1202Kb max_used=1214Kb free=4497Kb
 bounds [0x000000011b396000, 0x000000011b606000, 0x000000011b927000]
 total_blobs=2033 nmethods=1244 adapters=503
 compilation: enabled
              stopped_count=0, restarted_count=0
 full_count=0

Compilation events (10 events):
Event: 8188.680 Thread 0x00007f9ed200f000 1239   !   3       sun.lwawt.LWComponentPeer::getRegion (36 bytes)
Event: 8188.686 Thread 0x00007f9ed200f000 nmethod 1239 0x000000011bb6f310 code [0x000000011bb6f540, 0x000000011bb6fff8]
Event: 8188.686 Thread 0x00007f9ed200f000 1240       3       sun.java2d.pipe.Region::getInstance (20 bytes)
Event: 8188.686 Thread 0x00007f9ed200f000 nmethod 1240 0x000000011bb70390 code [0x000000011bb70580, 0x000000011bb70a90]
Event: 8188.727 Thread 0x00007f9ed200f000 1241       3       java.lang.ref.Reference::clear (6 bytes)
Event: 8188.728 Thread 0x00007f9ed200f000 nmethod 1241 0x000000011bb70c90 code [0x000000011bb70e40, 0x000000011bb70fd0]
Event: 8188.734 Thread 0x00007f9ed200f000 1242       3       java.util.concurrent.locks.AbstractQueuedSynchronizer::unparkSuccessor (84 bytes)
Event: 8188.736 Thread 0x00007f9ed200f000 nmethod 1242 0x000000011bb71090 code [0x000000011bb71300, 0x000000011bb71d78]
Event: 8188.740 Thread 0x00007f9ed200f000 1244       3       java.util.AbstractSet::<init> (5 bytes)
Event: 8188.740 Thread 0x00007f9ed200f000 nmethod 1244 0x000000011bb72190 code [0x000000011bb72340, 0x000000011bb72550]

GC Heap History (4 events):
Event: 8185.305 GC heap before
{Heap before GC invocations=0 (full 0):
 garbage-first heap   total 131072K, used 50176K [0x0000000780000000, 0x0000000800000000)
  region size 1024K, 19 young (19456K), 0 survivors (0K)
 Metaspace       used 13805K, capacity 14234K, committed 14464K, reserved 1062912K
  class space    used 1443K, capacity 1648K, committed 1664K, reserved 1048576K
}
Event: 8187.082 GC heap after
{Heap after GC invocations=1 (full 0):
 garbage-first heap   total 131072K, used 37495K [0x0000000780000000, 0x0000000800000000)
  region size 1024K, 3 young (3072K), 3 survivors (3072K)
 Metaspace       used 13805K, capacity 14234K, committed 14464K, reserved 1062912K
  class space    used 1443K, capacity 1648K, committed 1664K, reserved 1048576K
}
Event: 8188.613 GC heap before
{Heap before GC invocations=2 (full 0):
 garbage-first heap   total 131072K, used 71287K [0x0000000780000000, 0x0000000800000000)
  region size 1024K, 5 young (5120K), 3 survivors (3072K)
 Metaspace       used 13869K, capacity 14298K, committed 14464K, reserved 1062912K
  class space    used 1454K, capacity 1648K, committed 1664K, reserved 1048576K
}
Event: 8188.671 GC heap after
{Heap after GC invocations=3 (full 0):
 garbage-first heap   total 131072K, used 70566K [0x0000000780000000, 0x0000000800000000)
  region size 1024K, 1 young (1024K), 1 survivors (1024K)
 Metaspace       used 13869K, capacity 14298K, committed 14464K, reserved 1062912K
  class space    used 1454K, capacity 1648K, committed 1664K, reserved 1048576K
}

Deoptimization events (9 events):
Event: 0.135 Thread 0x00007f9ed280e000 Uncommon trap: reason=unstable_if action=reinterpret pc=0x0000000122e62880 method=java.lang.String.hashCode()I @ 14 c2
Event: 0.889 Thread 0x00007f9ed280e000 Uncommon trap: reason=unstable_if action=reinterpret pc=0x0000000122e8a068 method=java.lang.StringLatin1.replace([BCC)Ljava/lang/String; @ 19 c2
Event: 6.431 Thread 0x00007f9ed280e000 Uncommon trap: reason=unstable_if action=reinterpret pc=0x0000000122e732f8 method=java.lang.String.isLatin1()Z @ 10 c2
Event: 7.011 Thread 0x00007f9ed280e000 Uncommon trap: reason=unstable_if action=reinterpret pc=0x0000000122e9cd14 method=java.lang.StringLatin1.toLowerCase(Ljava/lang/String;[BLjava/util/Locale;)Ljava/lang/String; @ 40 c2
Event: 7.631 Thread 0x00007f9ed212d800 Uncommon trap: reason=class_check action=maybe_recompile pc=0x0000000122e72fd0 method=java.lang.String.equals(Ljava/lang/Object;)Z @ 8 c2
Event: 7.631 Thread 0x00007f9ed212d800 Uncommon trap: reason=class_check action=maybe_recompile pc=0x0000000122e72fd0 method=java.lang.String.equals(Ljava/lang/Object;)Z @ 8 c2
Event: 7.635 Thread 0x00007f9ed212d800 Uncommon trap: reason=class_check action=maybe_recompile pc=0x0000000122e72fd0 method=java.lang.String.equals(Ljava/lang/Object;)Z @ 8 c2
Event: 7.636 Thread 0x00007f9ed212d800 Uncommon trap: reason=class_check action=maybe_recompile pc=0x0000000122e72fd0 method=java.lang.String.equals(Ljava/lang/Object;)Z @ 8 c2
Event: 8188.729 Thread 0x00007f9ed3237000 Uncommon trap: reason=unstable_if action=reinterpret pc=0x0000000122eb2240 method=java.util.concurrent.locks.AbstractQueuedSynchronizer.acquireQueued(Ljava/util/concurrent/locks/AbstractQueuedSynchronizer$Node;I)Z @ 14 c2

Classes redefined (0 events):
No events

Internal exceptions (10 events):
Event: 6.372 Thread 0x00007f9ed2aa7800 Exception <a 'java/lang/NoSuchMethodError'{0x0000000787b52560}: java.lang.invoke.DirectMethodHandle$Holder.invokeSpecial(Ljava/lang/Object;Ljava/lang/Object;J)V> (0x0000000787b52560) thrown at [/scratch/mesos/slaves/07fc96ef-bf4d-487f-b22f-a84e49f5f44a-S1
Event: 6.451 Thread 0x00007f9ed280e000 Exception <a 'java/lang/NoSuchMethodError'{0x000000078771dbe8}: java.lang.invoke.DirectMethodHandle$Holder.invokeStatic(Ljava/lang/Object;Ljava/lang/Object;Ljava/lang/Object;Ljava/lang/Object;Ljava/lang/Object;Ljava/lang/Object;Ljava/lang/Object;Ljava/lan
Event: 6.458 Thread 0x00007f9ed280e000 Exception <a 'java/lang/NoSuchMethodError'{0x000000078773bd88}: java.lang.invoke.DirectMethodHandle$Holder.invokeStatic(Ljava/lang/Object;Ljava/lang/Object;Ljava/lang/Object;Ljava/lang/Object;Ljava/lang/Object;Ljava/lang/Object;Ljava/lang/Object;Ljava/lan
Event: 6.464 Thread 0x00007f9ed280e000 Exception <a 'java/lang/NoSuchMethodError'{0x000000078775adb8}: java.lang.invoke.DirectMethodHandle$Holder.invokeStatic(Ljava/lang/Object;Ljava/lang/Object;Ljava/lang/Object;Ljava/lang/Object;Ljava/lang/Object;Ljava/lang/Object;Ljava/lang/Object;Ljava/lan
Event: 6.472 Thread 0x00007f9ed280e000 Exception <a 'java/lang/NoSuchMethodError'{0x000000078777b770}: java.lang.invoke.DirectMethodHandle$Holder.invokeStatic(Ljava/lang/Object;Ljava/lang/Object;Ljava/lang/Object;Ljava/lang/Object;Ljava/lang/Object;Ljava/lang/Object;Ljava/lang/Object;Ljava/lan
Event: 7.484 Thread 0x00007f9ed280e000 Exception <a 'java/lang/NoSuchMethodError'{0x0000000787617b08}: java.lang.invoke.DirectMethodHandle$Holder.invokeStatic(Ljava/lang/Object;JJ)V> (0x0000000787617b08) thrown at [/scratch/mesos/slaves/07fc96ef-bf4d-487f-b22f-a84e49f5f44a-S15534/frameworks/17
Event: 7.484 Thread 0x00007f9ed280e000 Exception <a 'java/lang/NoSuchMethodError'{0x000000078761ccf0}: java.lang.invoke.DirectMethodHandle$Holder.invokeStatic(Ljava/lang/Object;J)Ljava/lang/Object;> (0x000000078761ccf0) thrown at [/scratch/mesos/slaves/07fc96ef-bf4d-487f-b22f-a84e49f5f44a-S155
Event: 7.488 Thread 0x00007f9ed280e000 Exception <a 'java/lang/NoSuchMethodError'{0x000000078762bc60}: java.lang.invoke.Invokers$Holder.linkToTargetMethod(Ljava/lang/Object;ILjava/lang/Object;)Ljava/lang/Object;> (0x000000078762bc60) thrown at [/scratch/mesos/slaves/07fc96ef-bf4d-487f-b22f-a84
Event: 7.515 Thread 0x00007f9ed212d800 Exception <a 'java/lang/NoSuchMethodError'{0x000000078781b8e0}: java.lang.invoke.DirectMethodHandle$Holder.invokeStatic(Ljava/lang/Object;IILjava/lang/Object;Ljava/lang/Object;Ljava/lang/Object;)Ljava/lang/Object;> (0x000000078781b8e0) thrown at [/scratch
Event: 8187.326 Thread 0x00007f9ed2823000 Exception <a 'java/lang/NullPointerException'{0x0000000787f4b790}> (0x0000000787f4b790) thrown at [/scratch/mesos/slaves/07fc96ef-bf4d-487f-b22f-a84e49f5f44a-S15534/frameworks/1735e8a2-a1db-478c-8104-60c8b0af87dd-0196/executors/2de9a231-452d-4727-8e0d-602

Events (10 events):
Event: 8188.416 loading class sun/java2d/loops/ProcessPath$Edge done
Event: 8188.607 Executing VM operation: G1CollectForAllocation
Event: 8188.671 Executing VM operation: G1CollectForAllocation done
Event: 8188.691 Executing VM operation: CGC_Operation
Event: 8188.714 Executing VM operation: CGC_Operation done
Event: 8188.729 Executing VM operation: CGC_Operation
Event: 8188.729 Thread 0x00007f9ed3237000 Uncommon trap: trap_request=0xffffff4d fr.pc=0x0000000122eb2240 relative=0x00000000000004c0
Event: 8188.729 Executing VM operation: CGC_Operation done
Event: 8188.729 Thread 0x00007f9ed3237000 DEOPT PACKING pc=0x0000000122eb2240 sp=0x000000030ee20330
Event: 8188.729 Thread 0x00007f9ed3237000 DEOPT UNPACKING pc=0x000000011b3bdd9f sp=0x000000030ee202e0 mode 2


Dynamic libraries:
0x00007ffdffd39000 	/usr/libexec/rosetta/runtime
0x000000010c8c5000 	/Library/Apple/usr/libexec/oah/libRosettaRuntime
0x00007fff35131000 	/System/Library/Frameworks/Cocoa.framework/Versions/A/Cocoa
0x00007fff220d3000 	/System/Library/Frameworks/Security.framework/Versions/A/Security
0x00007fff33339000 	/System/Library/Frameworks/ApplicationServices.framework/Versions/A/ApplicationServices
0x00007fff2a59f000 	/usr/lib/libz.1.dylib
0x00007fff2a66b000 	/usr/lib/libSystem.B.dylib
0x00007fff20392000 	/System/Library/Frameworks/CoreFoundation.framework/Versions/A/CoreFoundation
0x00007fff2106b000 	/System/Library/Frameworks/Foundation.framework/Versions/C/Foundation
0x00007fff201b2000 	/usr/lib/libobjc.A.dylib
0x00007fff22b04000 	/System/Library/Frameworks/AppKit.framework/Versions/C/AppKit
0x00007fff259f0000 	/System/Library/Frameworks/CoreData.framework/Versions/A/CoreData
0x00007fff23850000 	/System/Library/PrivateFrameworks/UIFoundation.framework/Versions/A/UIFoundation
0x00007fff2fdf3000 	/System/Library/PrivateFrameworks/RemoteViewServices.framework/Versions/A/RemoteViewServices
0x00007fff28b99000 	/System/Library/PrivateFrameworks/XCTTargetBootstrap.framework/Versions/A/XCTTargetBootstrap
0x00007fff2b8eb000 	/usr/lib/libspindump.dylib
0x00007fff23a9f000 	/System/Library/Frameworks/UniformTypeIdentifiers.framework/Versions/A/UniformTypeIdentifiers
0x00007fff2739d000 	/usr/lib/libapp_launch_measurement.dylib
0x00007fff273a0000 	/System/Library/PrivateFrameworks/CoreAutoLayout.framework/Versions/A/CoreAutoLayout
0x00007fff28500000 	/System/Library/Frameworks/Metal.framework/Versions/A/Metal
0x00007fff291fa000 	/usr/lib/liblangid.dylib
0x00007fff28b9d000 	/System/Library/PrivateFrameworks/CoreSVG.framework/Versions/A/CoreSVG
0x00007fff24adf000 	/System/Library/PrivateFrameworks/SkyLight.framework/Versions/A/SkyLight
0x00007fff24e45000 	/System/Library/Frameworks/CoreGraphics.framework/Versions/A/CoreGraphics
0x00007fff3031a000 	/System/Library/Frameworks/Accelerate.framework/Versions/A/Accelerate
0x00007fff2b329000 	/System/Library/PrivateFrameworks/IconServices.framework/Versions/A/IconServices
0x00007fff284e4000 	/System/Library/Frameworks/IOSurface.framework/Versions/A/IOSurface
0x00007fff26384000 	/usr/lib/libDiagnosticMessagesClient.dylib
0x00007fff28b85000 	/System/Library/PrivateFrameworks/DFRFoundation.framework/Versions/A/DFRFoundation
0x00007fff2242b000 	/usr/lib/libicucore.A.dylib
0x00007fff2ce32000 	/System/Library/Frameworks/AudioToolbox.framework/Versions/A/AudioToolbox
0x00007fff2c0ba000 	/System/Library/PrivateFrameworks/DataDetectorsCore.framework/Versions/A/DataDetectorsCore
0x00007fff24a52000 	/usr/lib/libMobileGestalt.dylib
0x00007fff28889000 	/System/Library/Frameworks/Carbon.framework/Versions/A/Frameworks/HIToolbox.framework/Versions/A/HIToolbox
0x00007fff26de2000 	/System/Library/Frameworks/QuartzCore.framework/Versions/A/QuartzCore
0x00007fff2fe2b000 	/System/Library/Frameworks/Carbon.framework/Versions/A/Frameworks/SpeechRecognition.framework/Versions/A/SpeechRecognition
0x00007fff27102000 	/System/Library/PrivateFrameworks/CoreUI.framework/Versions/A/CoreUI
0x00007fff21a41000 	/System/Library/Frameworks/CoreAudio.framework/Versions/A/CoreAudio
0x00007fff2646f000 	/System/Library/Frameworks/DiskArbitration.framework/Versions/A/DiskArbitration
0x00007fff2bcb8000 	/System/Library/PrivateFrameworks/MultitouchSupport.framework/Versions/A/MultitouchSupport
0x00007fff2c0b1000 	/System/Library/PrivateFrameworks/InternationalSupport.framework/Versions/A/InternationalSupport
0x00007fff24a51000 	/usr/lib/libenergytrace.dylib
0x00007fff229fb000 	/System/Library/Frameworks/IOKit.framework/Versions/A/IOKit
0x00007fff3015e000 	/System/Library/Frameworks/CoreServices.framework/Versions/A/CoreServices
0x00007fff2732f000 	/System/Library/PrivateFrameworks/PerformanceAnalysis.framework/Versions/A/PerformanceAnalysis
0x00007fff6bcd7000 	/System/Library/Frameworks/OpenGL.framework/Versions/A/OpenGL
0x00007fff2c135000 	/System/Library/PrivateFrameworks/UserActivity.framework/Versions/A/UserActivity
0x00007fff254f7000 	/System/Library/Frameworks/ColorSync.framework/Versions/A/ColorSync
0x00007fff28e08000 	/System/Library/Frameworks/CoreImage.framework/Versions/A/CoreImage
0x00007fff2185b000 	/System/Library/Frameworks/CoreText.framework/Versions/A/CoreText
0x00007fff28bc7000 	/System/Library/Frameworks/ImageIO.framework/Versions/A/ImageIO
0x00007fff2a671000 	/System/Library/PrivateFrameworks/SoftLinking.framework/Versions/A/SoftLinking
0x00007fff273e8000 	/usr/lib/libxml2.2.dylib
0x00007fff20278000 	/usr/lib/libc++.1.dylib
0x00007fff2a8de000 	/usr/lib/libcompression.dylib
0x00007fff2bfe3000 	/System/Library/PrivateFrameworks/TextureIO.framework/Versions/A/TextureIO
0x00007fff2afce000 	/usr/lib/libate.dylib
0x00007fff2a665000 	/usr/lib/system/libcache.dylib
0x00007fff2a621000 	/usr/lib/system/libcommonCrypto.dylib
0x00007fff2a64b000 	/usr/lib/system/libcompiler_rt.dylib
0x00007fff2a640000 	/usr/lib/system/libcopyfile.dylib
0x00007fff200a2000 	/usr/lib/system/libcorecrypto.dylib
0x00007fff2016d000 	/usr/lib/system/libdispatch.dylib
0x00007fff20320000 	/usr/lib/system/libdyld.dylib
0x00007fff2a65c000 	/usr/lib/system/libkeymgr.dylib
0x00007fff2dbc9000 	/usr/lib/system/liblaunch.dylib
0x00007fff2a5ff000 	/usr/lib/system/libmacho.dylib
0x00007fff29df3000 	/usr/lib/system/libquarantine.dylib
0x00007fff2a659000 	/usr/lib/system/libremovefile.dylib
0x00007fff24aaf000 	/usr/lib/system/libsystem_asl.dylib
0x00007fff20052000 	/usr/lib/system/libsystem_blocks.dylib
0x00007fff201ef000 	/usr/lib/system/libsystem_c.dylib
0x00007fff2a653000 	/usr/lib/system/libsystem_collections.dylib
0x00007fff291eb000 	/usr/lib/system/libsystem_configuration.dylib
0x00007fff284d3000 	/usr/lib/system/libsystem_containermanager.dylib
0x00007fff2a39e000 	/usr/lib/system/libsystem_coreservices.dylib
0x00007fff2268b000 	/usr/lib/system/libsystem_darwin.dylib
0x00007fff2a65d000 	/usr/lib/system/libsystem_dnssd.dylib
0x00007fff201ec000 	/usr/lib/system/libsystem_featureflags.dylib
0x00007fff20366000 	/usr/lib/system/libsystem_info.dylib
0x00007fff2a5b2000 	/usr/lib/system/libsystem_m.dylib
0x00007fff20140000 	/usr/lib/system/libsystem_malloc.dylib
0x00007fff24a42000 	/usr/lib/system/libsystem_networkextension.dylib
0x00007fff22aaa000 	/usr/lib/system/libsystem_notify.dylib
0x00007fff30060000 	/usr/lib/system/libsystem_product_info_filter.dylib
0x00007fff291ef000 	/usr/lib/system/libsystem_sandbox.dylib
0x00007fff2a656000 	/usr/lib/system/libsystem_secinit.dylib
0x00007fff202e4000 	/usr/lib/system/libsystem_kernel.dylib
0x00007fff2035c000 	/usr/lib/system/libsystem_platform.dylib
0x00007fff20314000 	/usr/lib/system/libsystem_pthread.dylib
0x00007fff261c0000 	/usr/lib/system/libsystem_symptoms.dylib
0x00007fff2008a000 	/usr/lib/system/libsystem_trace.dylib
0x00007fff2a62d000 	/usr/lib/system/libunwind.dylib
0x00007fff20054000 	/usr/lib/system/libxpc.dylib
0x00007fff202ce000 	/usr/lib/libc++abi.dylib
0x00007fff2a638000 	/usr/lib/liboah.dylib
0x00007fff2acfa000 	/usr/lib/liblzma.5.dylib
0x00007fff20d7f000 	/System/Library/Frameworks/SystemConfiguration.framework/Versions/A/SystemConfiguration
0x00007fff2a66d000 	/usr/lib/libfakelink.dylib
0x00007fff245a3000 	/System/Library/Frameworks/CFNetwork.framework/Versions/A/CFNetwork
0x00007fff2a7ad000 	/usr/lib/libarchive.2.dylib
0x00007fff20dfd000 	/usr/lib/libCRFSuite.dylib
0x00007fff29e1a000 	/usr/lib/libbsm.0.dylib
0x00007fff23f1c000 	/usr/lib/libnetwork.dylib
0x00007fff2a672000 	/usr/lib/libpcap.A.dylib
0x00007fff261b9000 	/usr/lib/libdns_services.dylib
0x00007fff2ad13000 	/usr/lib/libcoretls_cfhelpers.dylib
0x00007fff2a8ac000 	/usr/lib/libapple_nghttp2.dylib
0x00007fff2a605000 	/usr/lib/system/libkxld.dylib
0x00007fff25e37000 	/usr/lib/libsqlite3.dylib
0x00007fff2a381000 	/System/Library/PrivateFrameworks/AppleFSCompression.framework/Versions/A/AppleFSCompression
0x00007fff29e02000 	/usr/lib/libcoretls.dylib
0x00007fff2a8d9000 	/usr/lib/libpam.2.dylib
0x00007fff2ae11000 	/usr/lib/libxar.1.dylib
0x00007fff291f6000 	/System/Library/PrivateFrameworks/AppleSystemInfo.framework/Versions/A/AppleSystemInfo
0x00007fff29a44000 	/System/Library/PrivateFrameworks/IOMobileFramebuffer.framework/Versions/A/IOMobileFramebuffer
0x00007fff2a391000 	/usr/lib/libbz2.1.0.dylib
0x00007fff2a6aa000 	/usr/lib/libiconv.2.dylib
0x00007fff2a5fe000 	/usr/lib/libcharset.1.dylib
0x00007fff2736b000 	/System/Library/Frameworks/CoreServices.framework/Versions/A/Frameworks/FSEvents.framework/Versions/A/FSEvents
0x00007fff22695000 	/System/Library/Frameworks/CoreServices.framework/Versions/A/Frameworks/CarbonCore.framework/Versions/A/CarbonCore
0x00007fff263d4000 	/System/Library/Frameworks/CoreServices.framework/Versions/A/Frameworks/Metadata.framework/Versions/A/Metadata
0x00007fff2a3a3000 	/System/Library/Frameworks/CoreServices.framework/Versions/A/Frameworks/OSServices.framework/Versions/A/OSServices
0x00007fff2a81f000 	/System/Library/Frameworks/CoreServices.framework/Versions/A/Frameworks/SearchKit.framework/Versions/A/SearchKit
0x00007fff26144000 	/System/Library/Frameworks/CoreServices.framework/Versions/A/Frameworks/AE.framework/Versions/A/AE
0x00007fff20830000 	/System/Library/Frameworks/CoreServices.framework/Versions/A/Frameworks/LaunchServices.framework/Versions/A/LaunchServices
0x00007fff2acaa000 	/System/Library/Frameworks/CoreServices.framework/Versions/A/Frameworks/DictionaryServices.framework/Versions/A/DictionaryServices
0x00007fff27378000 	/System/Library/Frameworks/CoreServices.framework/Versions/A/Frameworks/SharedFileList.framework/Versions/A/SharedFileList
0x00007fff29df6000 	/usr/lib/libCheckFix.dylib
0x00007fff24ac6000 	/System/Library/PrivateFrameworks/TCC.framework/Versions/A/TCC
0x00007fff291fc000 	/System/Library/PrivateFrameworks/CoreNLP.framework/Versions/A/CoreNLP
0x00007fff26387000 	/System/Library/PrivateFrameworks/MetadataUtilities.framework/Versions/A/MetadataUtilities
0x00007fff20e32000 	/usr/lib/libmecabra.dylib
0x00007fff2a100000 	/System/Library/Frameworks/MLCompute.framework/Versions/A/MLCompute
0x00007fff29e2b000 	/usr/lib/libmecab.dylib
0x00007fff29e75000 	/usr/lib/libgermantok.dylib
0x00007fff2a887000 	/usr/lib/libThaiTokenizer.dylib
0x00007fff2ae4c000 	/usr/lib/libChineseTokenizer.dylib
0x00007fff2a8d7000 	/System/Library/Frameworks/MetalPerformanceShaders.framework/Versions/A/MetalPerformanceShaders
0x00007fff26476000 	/System/Library/Frameworks/Accelerate.framework/Versions/A/Frameworks/vImage.framework/Versions/A/vImage
0x00007fff30138000 	/System/Library/Frameworks/Accelerate.framework/Versions/A/Frameworks/vecLib.framework/Versions/A/vecLib
0x00007fff2ae57000 	/System/Library/Frameworks/Accelerate.framework/Versions/A/Frameworks/vecLib.framework/Versions/A/libvMisc.dylib
0x00007fff298a4000 	/System/Library/Frameworks/Accelerate.framework/Versions/A/Frameworks/vecLib.framework/Versions/A/libvDSP.dylib
0x00007fff20b3b000 	/System/Library/Frameworks/Accelerate.framework/Versions/A/Frameworks/vecLib.framework/Versions/A/libBLAS.dylib
0x00007fff2a905000 	/System/Library/Frameworks/Accelerate.framework/Versions/A/Frameworks/vecLib.framework/Versions/A/libLAPACK.dylib
0x00007fff29e7b000 	/System/Library/Frameworks/Accelerate.framework/Versions/A/Frameworks/vecLib.framework/Versions/A/libLinearAlgebra.dylib
0x00007fff2a8c4000 	/System/Library/Frameworks/Accelerate.framework/Versions/A/Frameworks/vecLib.framework/Versions/A/libSparseBLAS.dylib
0x00007fff2a8ff000 	/System/Library/Frameworks/Accelerate.framework/Versions/A/Frameworks/vecLib.framework/Versions/A/libQuadrature.dylib
0x00007fff292a8000 	/System/Library/Frameworks/Accelerate.framework/Versions/A/Frameworks/vecLib.framework/Versions/A/libBNNS.dylib
0x00007fff20d10000 	/System/Library/Frameworks/Accelerate.framework/Versions/A/Frameworks/vecLib.framework/Versions/A/libSparse.dylib
0x00007fff29184000 	/System/Library/Frameworks/MetalPerformanceShaders.framework/Versions/A/Frameworks/MPSCore.framework/Versions/A/MPSCore
0x00007fff2a2f0000 	/System/Library/Frameworks/MetalPerformanceShaders.framework/Versions/A/Frameworks/MPSImage.framework/Versions/A/MPSImage
0x00007fff29e91000 	/System/Library/Frameworks/MetalPerformanceShaders.framework/Versions/A/Frameworks/MPSNeuralNetwork.framework/Versions/A/MPSNeuralNetwork
0x00007fff2a262000 	/System/Library/Frameworks/MetalPerformanceShaders.framework/Versions/A/Frameworks/MPSMatrix.framework/Versions/A/MPSMatrix
0x00007fff2a0b0000 	/System/Library/Frameworks/MetalPerformanceShaders.framework/Versions/A/Frameworks/MPSRayIntersector.framework/Versions/A/MPSRayIntersector
0x00007fff2a299000 	/System/Library/Frameworks/MetalPerformanceShaders.framework/Versions/A/Frameworks/MPSNDArray.framework/Versions/A/MPSNDArray
0x00007fff20a66000 	/System/Library/PrivateFrameworks/MetalTools.framework/Versions/A/MetalTools
0x00007fff291f4000 	/System/Library/PrivateFrameworks/AggregateDictionary.framework/Versions/A/AggregateDictionary
0x00007fff26354000 	/System/Library/PrivateFrameworks/CoreAnalytics.framework/Versions/A/CoreAnalytics
0x00007fff2a889000 	/System/Library/PrivateFrameworks/AppleSauce.framework/Versions/A/AppleSauce
0x00007fff284f6000 	/System/Library/PrivateFrameworks/IOAccelerator.framework/Versions/A/IOAccelerator
0x00007fff6bccb000 	/System/Library/Frameworks/OpenGL.framework/Versions/A/Libraries/libCoreFSCache.dylib
0x00007fff213ca000 	/System/Library/PrivateFrameworks/LanguageModeling.framework/Versions/A/LanguageModeling
0x00007fff29a32000 	/System/Library/PrivateFrameworks/CoreEmoji.framework/Versions/A/CoreEmoji
0x00007fff292a1000 	/System/Library/PrivateFrameworks/LinguisticData.framework/Versions/A/LinguisticData
0x00007fff20cc2000 	/System/Library/PrivateFrameworks/Lexicon.framework/Versions/A/Lexicon
0x00007fff2a79b000 	/usr/lib/libcmph.dylib
0x00007fff2734b000 	/System/Library/Frameworks/OpenDirectory.framework/Versions/A/Frameworks/CFOpenDirectory.framework/Versions/A/CFOpenDirectory
0x00007fff2733b000 	/System/Library/Frameworks/OpenDirectory.framework/Versions/A/OpenDirectory
0x00007fff2ad15000 	/System/Library/PrivateFrameworks/APFS.framework/Versions/A/APFS
0x00007fff29d58000 	/System/Library/Frameworks/SecurityFoundation.framework/Versions/A/SecurityFoundation
0x00007fff2ae1f000 	/usr/lib/libutil.dylib
0x00007fff229c0000 	/System/Library/PrivateFrameworks/CoreServicesStore.framework/Versions/A/CoreServicesStore
0x00007fff29dee000 	/System/Library/Frameworks/ServiceManagement.framework/Versions/A/ServiceManagement
0x00007fff2ae23000 	/usr/lib/libxslt.1.dylib
0x00007fff29de4000 	/System/Library/PrivateFrameworks/BackgroundTaskManagement.framework/Versions/A/BackgroundTaskManagement
0x00007fff2bf2e000 	/System/Library/Frameworks/ImageIO.framework/Versions/A/Resources/libRadiance.dylib
0x00007fff2bf37000 	/System/Library/Frameworks/ImageIO.framework/Versions/A/Resources/libJPEG.dylib
0x00007fff2be82000 	/System/Library/Frameworks/ImageIO.framework/Versions/A/Resources/libPng.dylib
0x00007fff2bea9000 	/System/Library/Frameworks/ImageIO.framework/Versions/A/Resources/libTIFF.dylib
0x00007fff2bf8c000 	/System/Library/Frameworks/ImageIO.framework/Versions/A/Resources/libGIF.dylib
0x00007fff2bbd5000 	/System/Library/Frameworks/ImageIO.framework/Versions/A/Resources/libJP2.dylib
0x00007fff2b2f1000 	/usr/lib/libexpat.1.dylib
0x00007fff2bb8b000 	/System/Library/PrivateFrameworks/AppleJPEG.framework/Versions/A/AppleJPEG
0x00007fff2872c000 	/System/Library/PrivateFrameworks/FontServices.framework/libFontParser.dylib
0x00007fff260fb000 	/System/Library/PrivateFrameworks/RunningBoardServices.framework/Versions/A/RunningBoardServices
0x00007fff2bcb4000 	/System/Library/PrivateFrameworks/WatchdogClient.framework/Versions/A/WatchdogClient
0x00007fff214b3000 	/System/Library/Frameworks/CoreDisplay.framework/Versions/A/CoreDisplay
0x00007fff28641000 	/System/Library/Frameworks/CoreMedia.framework/Versions/A/CoreMedia
0x00007fff274cb000 	/System/Library/Frameworks/CoreVideo.framework/Versions/A/CoreVideo
0x00007fff2bcef000 	/System/Library/Frameworks/VideoToolbox.framework/Versions/A/VideoToolbox
0x00007fff2607b000 	/System/Library/PrivateFrameworks/BaseBoard.framework/Versions/A/BaseBoard
0x00007fff2b435000 	/System/Library/PrivateFrameworks/PersistentConnection.framework/Versions/A/PersistentConnection
0x00007fff25e21000 	/System/Library/PrivateFrameworks/ProtocolBuffer.framework/Versions/A/ProtocolBuffer
0x00007fff26063000 	/System/Library/PrivateFrameworks/CommonUtilities.framework/Versions/A/CommonUtilities
0x00007fff2bb4e000 	/System/Library/PrivateFrameworks/Bom.framework/Versions/A/Bom
0x00007fff2bf26000 	/System/Library/PrivateFrameworks/GPUWrangler.framework/Versions/A/GPUWrangler
0x00007fff2bf09000 	/System/Library/PrivateFrameworks/IOPresentment.framework/Versions/A/IOPresentment
0x00007fff2bf31000 	/System/Library/PrivateFrameworks/DSExternalDisplay.framework/Versions/A/DSExternalDisplay
0x00007fff2bf91000 	/System/Library/PrivateFrameworks/CMCaptureCore.framework/Versions/A/CMCaptureCore
0x00007fff2b8d1000 	/System/Library/PrivateFrameworks/AppServerSupport.framework/Versions/A/AppServerSupport
0x00007fff2d96c000 	/System/Library/PrivateFrameworks/perfdata.framework/Versions/A/perfdata
0x00007fff29d47000 	/System/Library/PrivateFrameworks/AssertionServices.framework/Versions/A/AssertionServices
0x00007fff215ea000 	/System/Library/PrivateFrameworks/AudioToolboxCore.framework/Versions/A/AudioToolboxCore
0x00007fff28624000 	/System/Library/PrivateFrameworks/caulk.framework/Versions/A/caulk
0x00007fff3ce18000 	/System/Library/PrivateFrameworks/SystemPolicy.framework/Versions/A/SystemPolicy
0x00007fff2b100000 	/usr/lib/libIOReport.dylib
0x00007fff2d1a8000 	/usr/lib/libSMC.dylib
0x00007fff2be4e000 	/usr/lib/libAudioToolboxUtility.dylib
0x00007fff3d775000 	/usr/lib/libmis.dylib
0x00007fff6bd27000 	/System/Library/Frameworks/OpenGL.framework/Versions/A/Libraries/libGLU.dylib
0x00007fff6bcea000 	/System/Library/Frameworks/OpenGL.framework/Versions/A/Libraries/libGFXShared.dylib
0x00007fff6bef8000 	/System/Library/Frameworks/OpenGL.framework/Versions/A/Libraries/libGL.dylib
0x00007fff6bcf3000 	/System/Library/Frameworks/OpenGL.framework/Versions/A/Libraries/libGLImage.dylib
0x00007fff6bce7000 	/System/Library/Frameworks/OpenGL.framework/Versions/A/Libraries/libCVMSPluginSupport.dylib
0x00007fff6bcd2000 	/System/Library/Frameworks/OpenGL.framework/Versions/A/Libraries/libCoreVMClient.dylib
0x00007fff6d342000 	/System/Library/Frameworks/OpenCL.framework/Versions/A/OpenCL
0x00007fff2b45e000 	/System/Library/PrivateFrameworks/GraphVisualizer.framework/Versions/A/GraphVisualizer
0x00007fff2b46d000 	/System/Library/PrivateFrameworks/FaceCore.framework/Versions/A/FaceCore
0x00007fff2b889000 	/System/Library/PrivateFrameworks/OTSVG.framework/Versions/A/OTSVG
0x00007fff270c0000 	/System/Library/Frameworks/ApplicationServices.framework/Versions/A/Frameworks/ATS.framework/Versions/A/Resources/libFontRegistry.dylib
0x00007fff2b8d8000 	/System/Library/PrivateFrameworks/FontServices.framework/libhvf.dylib
0x00007fff2b29d000 	/System/Library/PrivateFrameworks/AppleVA.framework/Versions/A/AppleVA
0x00007fff2cff0000 	/System/Library/Frameworks/ApplicationServices.framework/Versions/A/Frameworks/ATS.framework/Versions/A/ATS
0x00007fff2d303000 	/System/Library/Frameworks/ApplicationServices.framework/Versions/A/Frameworks/ColorSyncLegacy.framework/Versions/A/ColorSyncLegacy
0x00007fff255ee000 	/System/Library/Frameworks/ApplicationServices.framework/Versions/A/Frameworks/HIServices.framework/Versions/A/HIServices
0x00007fff2d2e8000 	/System/Library/Frameworks/ApplicationServices.framework/Versions/A/Frameworks/LangAnalysis.framework/Versions/A/LangAnalysis
0x00007fff2bf9b000 	/System/Library/Frameworks/ApplicationServices.framework/Versions/A/Frameworks/PrintCore.framework/Versions/A/PrintCore
0x00007fff2d30b000 	/System/Library/Frameworks/ApplicationServices.framework/Versions/A/Frameworks/QD.framework/Versions/A/QD
0x00007fff2cfe0000 	/System/Library/Frameworks/ApplicationServices.framework/Versions/A/Frameworks/SpeechSynthesis.framework/Versions/A/SpeechSynthesis
0x00007fff2bf5c000 	/System/Library/Frameworks/ApplicationServices.framework/Versions/A/Frameworks/ATSUI.framework/Versions/A/ATSUI
0x00007fff2d288000 	/usr/lib/libcups.2.dylib
0x00007fff2d2f8000 	/System/Library/PrivateFrameworks/NetAuth.framework/Versions/A/NetAuth
0x00007fff2d987000 	/System/Library/Frameworks/Kerberos.framework/Versions/A/Kerberos
0x00007fff2d997000 	/System/Library/Frameworks/GSS.framework/Versions/A/GSS
0x00007fff2d05d000 	/usr/lib/libresolv.9.dylib
0x00007fff2b8ee000 	/System/Library/PrivateFrameworks/Heimdal.framework/Versions/A/Heimdal
0x00007fff3364e000 	/System/Library/Frameworks/Kerberos.framework/Versions/A/Libraries/libHeimdalProxy.dylib
0x00007fff261c8000 	/System/Library/Frameworks/Network.framework/Versions/A/Network
0x00007fff2b30a000 	/usr/lib/libheimdal-asn1.dylib
0x00007fff2d9e8000 	/System/Library/PrivateFrameworks/CommonAuth.framework/Versions/A/CommonAuth
0x00007fff27519000 	/System/Library/PrivateFrameworks/login.framework/Versions/A/Frameworks/loginsupport.framework/Versions/A/loginsupport
0x00007fff2cf67000 	/System/Library/PrivateFrameworks/AudioSession.framework/Versions/A/AudioSession
0x00007fff2cfcd000 	/usr/lib/libAudioStatistics.dylib
0x00007fff2b396000 	/System/Library/PrivateFrameworks/MediaExperience.framework/Versions/A/MediaExperience
0x00007fff2ce00000 	/System/Library/PrivateFrameworks/AudioSession.framework/libSessionUtility.dylib
0x00007fff2d978000 	/usr/lib/libperfcheck.dylib
0x00007fff2d317000 	/System/Library/PrivateFrameworks/AudioResourceArbitration.framework/Versions/A/AudioResourceArbitration
0x00007fff2b314000 	/System/Library/PrivateFrameworks/IconFoundation.framework/Versions/A/IconFoundation
0x00007fff2fe1b000 	/System/Library/PrivateFrameworks/SpeechRecognitionCore.framework/Versions/A/SpeechRecognitionCore
0x0000000111000000 	/Library/Java/JavaVirtualMachines/jdk-11.0.2.jdk/Contents/Home/lib/server/libjvm.dylib
0x000000010ce02000 	/Library/Java/JavaVirtualMachines/jdk-11.0.2.jdk/Contents/Home/lib/libverify.dylib
0x000000010ce7c000 	/Library/Java/JavaVirtualMachines/jdk-11.0.2.jdk/Contents/Home/lib/libjava.dylib
0x000000010cf2b000 	/Library/Java/JavaVirtualMachines/jdk-11.0.2.jdk/Contents/Home/lib/libzip.dylib
0x000000010cf41000 	/Library/Java/JavaVirtualMachines/jdk-11.0.2.jdk/Contents/Home/lib/libjimage.dylib
0x00000001339fb000 	/Library/Java/JavaVirtualMachines/jdk-11.0.2.jdk/Contents/Home/lib/libnio.dylib
0x0000000133a22000 	/Library/Java/JavaVirtualMachines/jdk-11.0.2.jdk/Contents/Home/lib/libnet.dylib
0x0000000133a79000 	/Library/Java/JavaVirtualMachines/jdk-11.0.2.jdk/Contents/Home/lib/libawt.dylib
0x0000000133bb8000 	/Library/Java/JavaVirtualMachines/jdk-11.0.2.jdk/Contents/Home/lib/libmlib_image.dylib
0x00007fff6ec77000 	/System/Library/Frameworks/JavaNativeFoundation.framework/Versions/A/JavaNativeFoundation
0x00007fff6ec83000 	/System/Library/Frameworks/JavaRuntimeSupport.framework/Versions/A/JavaRuntimeSupport
0x00007fff3cb62000 	/System/Library/Frameworks/Carbon.framework/Versions/A/Carbon
0x00007fff31c8c000 	/System/Library/PrivateFrameworks/CoreSymbolication.framework/Versions/A/CoreSymbolication
0x00007fff365f9000 	/System/Library/Frameworks/Carbon.framework/Versions/A/Frameworks/CommonPanels.framework/Versions/A/CommonPanels
0x00007fff330e3000 	/System/Library/Frameworks/Carbon.framework/Versions/A/Frameworks/Help.framework/Versions/A/Help
0x00007fff365fd000 	/System/Library/Frameworks/Carbon.framework/Versions/A/Frameworks/ImageCapture.framework/Versions/A/ImageCapture
0x00007fff365cd000 	/System/Library/Frameworks/Carbon.framework/Versions/A/Frameworks/OpenScripting.framework/Versions/A/OpenScripting
0x00007fff365f5000 	/System/Library/Frameworks/Carbon.framework/Versions/A/Frameworks/Ink.framework/Versions/A/Ink
0x00007fff3cb5e000 	/System/Library/Frameworks/Carbon.framework/Versions/A/Frameworks/Print.framework/Versions/A/Print
0x00007fff365f1000 	/System/Library/Frameworks/Carbon.framework/Versions/A/Frameworks/SecurityHI.framework/Versions/A/SecurityHI
0x00007fff31c50000 	/System/Library/PrivateFrameworks/DebugSymbols.framework/Versions/A/DebugSymbols
0x0000000133c9e000 	/Library/Java/JavaVirtualMachines/jdk-11.0.2.jdk/Contents/Home/lib/libawt_lwawt.dylib
0x0000000133e19000 	/Library/Java/JavaVirtualMachines/jdk-11.0.2.jdk/Contents/Home/lib/libosxapp.dylib
0x00007fff3c179000 	/System/Library/Frameworks/ExceptionHandling.framework/Versions/A/ExceptionHandling
0x0000000133eb7000 	/Library/Java/JavaVirtualMachines/jdk-11.0.2.jdk/Contents/Home/lib/libfontmanager.dylib
0x0000000133fe9000 	/Library/Java/JavaVirtualMachines/jdk-11.0.2.jdk/Contents/Home/lib/libfreetype.dylib
0x00007fff22981000 	/System/Library/PrivateFrameworks/CoreServicesInternal.framework/Versions/A/CoreServicesInternal
0x00007fff311a2000 	/System/Library/Frameworks/FileProvider.framework/Versions/A/FileProvider
0x00007fff25fe6000 	/System/Library/Frameworks/Accounts.framework/Versions/A/Accounts
0x00007fff312f2000 	/System/Library/PrivateFrameworks/GenerationalStorage.framework/Versions/A/GenerationalStorage
0x00007fff30bc2000 	/System/Library/PrivateFrameworks/SymptomDiagnosticReporter.framework/Versions/A/SymptomDiagnosticReporter
0x00007fff23ab2000 	/System/Library/PrivateFrameworks/DesktopServicesPriv.framework/Versions/A/DesktopServicesPriv
0x00007fff22ab6000 	/usr/lib/libsandbox.1.dylib
0x00007fff27544000 	/System/Library/PrivateFrameworks/UserManagement.framework/Versions/A/UserManagement
0x00007fff29d24000 	/System/Library/PrivateFrameworks/MobileKeyBag.framework/Versions/A/MobileKeyBag
0x00007fff346d1000 	/System/Library/PrivateFrameworks/ChunkingLibrary.framework/Versions/A/ChunkingLibrary
0x00007fff2e3ab000 	/System/Library/PrivateFrameworks/Sharing.framework/Versions/A/Sharing
0x00007fff32c50000 	/System/Library/PrivateFrameworks/Apple80211.framework/Versions/A/Apple80211
0x00007fff2a3d1000 	/System/Library/PrivateFrameworks/AuthKit.framework/Versions/A/AuthKit
0x00007fff29b22000 	/System/Library/PrivateFrameworks/CoreUtils.framework/Versions/A/CoreUtils
0x00007fff29a4f000 	/System/Library/Frameworks/CoreWLAN.framework/Versions/A/CoreWLAN
0x00007fff2e4f7000 	/System/Library/Frameworks/IOBluetooth.framework/Versions/A/IOBluetooth
0x00007fff32cb4000 	/System/Library/PrivateFrameworks/CoreWiFi.framework/Versions/A/CoreWiFi
0x00007fff2da6e000 	/System/Library/PrivateFrameworks/CorePhoneNumbers.framework/Versions/A/CorePhoneNumbers
0x00007fff30cc9000 	/System/Library/PrivateFrameworks/DiskManagement.framework/Versions/A/DiskManagement
0x00007fff30bdf000 	/System/Library/PrivateFrameworks/AppleIDAuthSupport.framework/Versions/A/AppleIDAuthSupport
0x00007fff2da4e000 	/System/Library/PrivateFrameworks/KeychainCircle.framework/Versions/A/KeychainCircle
0x00007fff30c95000 	/System/Library/PrivateFrameworks/MediaKit.framework/Versions/A/MediaKit
0x00007fff30bec000 	/System/Library/Frameworks/DiscRecording.framework/Versions/A/DiscRecording
0x00007fff2b211000 	/usr/lib/libCoreStorage.dylib
0x00007fff330ef000 	/usr/lib/libcsfde.dylib
0x00007fff2e632000 	/System/Library/PrivateFrameworks/ProtectedCloudStorage.framework/Versions/A/ProtectedCloudStorage
0x00007fff330e7000 	/System/Library/PrivateFrameworks/EFILogin.framework/Versions/A/EFILogin
0x00007fff33701000 	/System/Library/Frameworks/AudioUnit.framework/Versions/A/AudioUnit
0x00007fff30b5c000 	/System/Library/Frameworks/CoreBluetooth.framework/Versions/A/CoreBluetooth
0x00007fff2b209000 	/usr/lib/libMatch.1.dylib
0x00007fff439e8000 	/System/Library/CoreServices/RawCamera.bundle/Contents/MacOS/RawCamera
0x00007fff2d9f9000 	/System/Library/PrivateFrameworks/MobileAsset.framework/Versions/A/MobileAsset
0x00007fff33725000 	/System/Library/PrivateFrameworks/StreamingZip.framework/Versions/A/StreamingZip
0x00007fff2c193000 	/System/Library/Frameworks/MediaToolbox.framework/Versions/A/MediaToolbox
0x00007fff31174000 	/System/Library/PrivateFrameworks/CoreAVCHD.framework/Versions/A/CoreAVCHD
0x00007fff3035b000 	/System/Library/Frameworks/MediaAccessibility.framework/Versions/A/MediaAccessibility
0x00007fff31170000 	/System/Library/PrivateFrameworks/Mangrove.framework/Versions/A/Mangrove
0x00007fff30367000 	/System/Library/PrivateFrameworks/AlgosScoreFramework.framework/Versions/A/AlgosScoreFramework
0x00007fff31b5e000 	/System/Library/PrivateFrameworks/AppleVPA.framework/Versions/A/AppleVPA
0x00007fff30db5000 	/System/Library/PrivateFrameworks/CoreAUC.framework/Versions/A/CoreAUC
0x00007fff4143c000 	/System/Library/Frameworks/Accelerate.framework/Versions/A/Frameworks/vImage.framework/Versions/A/Libraries/libCGInterfaces.dylib
0x0000000136265000 	/usr/lib/libobjc-trampolines.dylib
0x00007fff27243000 	/System/Library/PrivateFrameworks/ViewBridge.framework/Versions/A/ViewBridge
0x00007fff2b9af000 	/System/Library/PrivateFrameworks/login.framework/Versions/A/login
0x00007fff6bf03000 	/System/Library/Frameworks/OpenGL.framework/Versions/A/Resources/GLEngine.bundle/GLEngine
0x00007fff6bd64000 	/System/Library/Frameworks/OpenGL.framework/Versions/A/Libraries/libGLProgrammability.dylib
0x0000000137acb000 	/System/Library/Extensions/AppleMetalOpenGLRenderer.bundle/Contents/MacOS/AppleMetalOpenGLRenderer
0x00007fff6c081000 	/System/Library/Frameworks/OpenGL.framework/Versions/A/Resources/GLRendererFloat.bundle/GLRendererFloat
0x0000000137c48000 	/System/Library/Extensions/AGXMetal13_3.bundle/Contents/MacOS/AGXMetal13_3
0x00007fff38786000 	/System/Library/PrivateFrameworks/IOGPU.framework/Versions/A/IOGPU
0x00007fff69880000 	/System/Library/PrivateFrameworks/GPUCompiler.framework/Versions/31001/Libraries/libmetal_timestamp.dylib
0x00000001394e8000 	/Library/Java/JavaVirtualMachines/jdk-11.0.2.jdk/Contents/Home/lib/libosxui.dylib
0x00007fff77b76000 	/usr/lib/libRosetta.dylib


VM Arguments:
jvm_args: -Dfile.encoding=UTF-8 
java_command: Bounce
java_class_path (initial): /Users/bigtay/Desktop/COSC150/21fa-5-maxwell-Tetumbah1017/MaxwellsDemon/bin
Launcher Type: SUN_STANDARD

[Global flags]
     intx CICompilerCount                          = 4                                         {product} {ergonomic}
     uint ConcGCThreads                            = 2                                         {product} {ergonomic}
     uint G1ConcRefinementThreads                  = 8                                         {product} {ergonomic}
   size_t G1HeapRegionSize                         = 1048576                                   {product} {ergonomic}
    uintx GCDrainStackTargetSize                   = 64                                        {product} {ergonomic}
   size_t InitialHeapSize                          = 134217728                                 {product} {ergonomic}
   size_t MarkStackSize                            = 4194304                                   {product} {ergonomic}
   size_t MaxHeapSize                              = 2147483648                                {product} {ergonomic}
   size_t MaxNewSize                               = 1287651328                                {product} {ergonomic}
   size_t MinHeapDeltaBytes                        = 1048576                                   {product} {ergonomic}
    uintx NonNMethodCodeHeapSize                   = 5835340                                {pd product} {ergonomic}
    uintx NonProfiledCodeHeapSize                  = 122911450                              {pd product} {ergonomic}
    uintx ProfiledCodeHeapSize                     = 122911450                              {pd product} {ergonomic}
    uintx ReservedCodeCacheSize                    = 251658240                              {pd product} {ergonomic}
     bool SegmentedCodeCache                       = true                                      {product} {ergonomic}
     bool UseCompressedClassPointers               = true                                 {lp64_product} {ergonomic}
     bool UseCompressedOops                        = true                                 {lp64_product} {ergonomic}
     bool UseG1GC                                  = true                                      {product} {ergonomic}

Logging:
Log output configuration:
 #0: stdout all=warning uptime,level,tags
 #1: stderr all=off uptime,level,tags

Environment Variables:
PATH=/usr/bin:/bin:/usr/sbin:/sbin
SHELL=/bin/zsh

Signal Handlers:
SIGSEGV: [libjvm.dylib+0x73f4e4], sa_mask[0]=11111111111111111111111111111111, sa_flags=SA_ONSTACK|SA_RESTART|SA_SIGINFO
SIGBUS: [libjvm.dylib+0x73f4e4], sa_mask[0]=11111111111111111111111111111111, sa_flags=SA_RESTART|SA_SIGINFO
SIGFPE: [libjvm.dylib+0x73f4e4], sa_mask[0]=11111111111111111111111111111111, sa_flags=SA_RESTART|SA_SIGINFO
SIGPIPE: [libjvm.dylib+0x5f2192], sa_mask[0]=11111111111111111111111111111111, sa_flags=SA_RESTART|SA_SIGINFO
SIGXFSZ: [libjvm.dylib+0x5f2192], sa_mask[0]=11111111111111111111111111111111, sa_flags=SA_RESTART|SA_SIGINFO
SIGILL: [libjvm.dylib+0x73f4e4], sa_mask[0]=11111111111111111111111111111111, sa_flags=SA_RESTART|SA_SIGINFO
SIGUSR2: [libjvm.dylib+0x5f2777], sa_mask[0]=00100000000000000000000000000000, sa_flags=SA_RESTART|SA_SIGINFO
SIGHUP: [libjvm.dylib+0x5f11d3], sa_mask[0]=11111111111111111111111111111111, sa_flags=SA_RESTART|SA_SIGINFO
SIGINT: [libjvm.dylib+0x5f11d3], sa_mask[0]=11111111111111111111111111111111, sa_flags=SA_RESTART|SA_SIGINFO
SIGTERM: [libjvm.dylib+0x5f11d3], sa_mask[0]=11111111111111111111111111111111, sa_flags=SA_RESTART|SA_SIGINFO
SIGQUIT: [libjvm.dylib+0x5f11d3], sa_mask[0]=11111111111111111111111111111111, sa_flags=SA_RESTART|SA_SIGINFO


---------------  S Y S T E M  ---------------

OS:uname:Darwin 20.6.0 Darwin Kernel Version 20.6.0: Wed Jun 23 00:26:27 PDT 2021; root:xnu-7195.141.2~5/RELEASE_ARM64_T8101 x86_64
rlimit: STACK 8176k, CORE 0k, NPROC 1333, NOFILE 10240, AS infinity, DATA infinity, FSIZE infinity
load average:7.89 2.66 2.02

CPU:total 8 (initial active 8) (1 cores per cpu, 1 threads per core) family 6 model 44 stepping 0, cmov, cx8, fxsr, mmx, sse, sse2, sse3, ssse3, sse4.1, sse4.2, popcnt, aes, clmul, tsc, tscinvbit, tscinv

Memory: 4k page, physical 8388608k(47052k free)

vm_info: OpenJDK 64-Bit Server VM (11.0.2+9) for bsd-amd64 JRE (11.0.2+9), built on Jan 18 2019 08:16:22 by "mach5one" with gcc 4.2.1 Compatible Apple LLVM 9.1.0 (clang-902.0.39.2)

END.
